<?xml version="1.0" encoding="UTF-8"?>
<!-- Generated by org.testng.reporters.JUnitReportReporter -->
<testsuite hostname="ravi-mac.local" failures="0" tests="1" name="runners.TestCase01" time="6.294" errors="0" timestamp="2024-11-18T11:47:47 IST" skipped="0">
  <testcase classname="runners.TestCase01" name="test01" time="6.294"/>
</testsuite> <!-- runners.TestCase01 -->
