<?xml version="1.0" encoding="UTF-8"?>
<!-- Generated by org.testng.reporters.JUnitReportReporter -->
<testsuite hostname="ravi-mac.local" failures="0" tests="1" name="runners.TestRunner" time="18.816" errors="0" timestamp="2024-11-28T12:07:23 IST" skipped="0">
  <testcase classname="runners.TestRunner" name="runScenario" time="18.816"/>
</testsuite> <!-- runners.TestRunner -->
