<?xml version="1.0" encoding="UTF-8"?>
<!-- Generated by org.testng.reporters.JUnitReportReporter -->
<testsuite hostname="ravi-mac.local" failures="0" tests="26" name="runners.TestRunner" time="621.633" errors="0" timestamp="2024-12-13T13:33:31 IST" skipped="0">
  <testcase classname="runners.TestRunner" name="runScenario" time="15.545"/>
  <testcase classname="runners.TestRunner" name="runScenario" time="23.361"/>
  <testcase classname="runners.TestRunner" name="runScenario" time="26.472"/>
  <testcase classname="runners.TestRunner" name="runScenario" time="17.091"/>
  <testcase classname="runners.TestRunner" name="runScenario" time="16.271"/>
  <testcase classname="runners.TestRunner" name="runScenario" time="19.320"/>
  <testcase classname="runners.TestRunner" name="runScenario" time="26.843"/>
  <testcase classname="runners.TestRunner" name="runScenario" time="22.364"/>
  <testcase classname="runners.TestRunner" name="runScenario" time="21.190"/>
  <testcase classname="runners.TestRunner" name="runScenario" time="13.529"/>
  <testcase classname="runners.TestRunner" name="runScenario" time="20.046"/>
  <testcase classname="runners.TestRunner" name="runScenario" time="26.134"/>
  <testcase classname="runners.TestRunner" name="runScenario" time="24.780"/>
  <testcase classname="runners.TestRunner" name="runScenario" time="29.120"/>
  <testcase classname="runners.TestRunner" name="runScenario" time="30.295"/>
  <testcase classname="runners.TestRunner" name="runScenario" time="20.404"/>
  <testcase classname="runners.TestRunner" name="runScenario" time="49.071"/>
  <testcase classname="runners.TestRunner" name="runScenario" time="18.021"/>
  <testcase classname="runners.TestRunner" name="runScenario" time="26.281"/>
  <testcase classname="runners.TestRunner" name="runScenario" time="27.175"/>
  <testcase classname="runners.TestRunner" name="runScenario" time="25.600"/>
  <testcase classname="runners.TestRunner" name="runScenario" time="16.840"/>
  <testcase classname="runners.TestRunner" name="runScenario" time="20.547"/>
  <testcase classname="runners.TestRunner" name="runScenario" time="28.525"/>
  <testcase classname="runners.TestRunner" name="runScenario" time="27.669"/>
  <testcase classname="runners.TestRunner" name="runScenario" time="29.139"/>
</testsuite> <!-- runners.TestRunner -->
