<?xml version="1.0" encoding="UTF-8"?>
<!-- Generated by org.testng.reporters.JUnitReportReporter -->
<testsuite hostname="ravi-mac.local" failures="0" tests="4" name="runners.TestRunner" time="124.125" errors="0" timestamp="2024-12-13T11:30:29 IST" skipped="0">
  <testcase classname="runners.TestRunner" name="runScenario" time="29.014"/>
  <testcase classname="runners.TestRunner" name="runScenario" time="33.359"/>
  <testcase classname="runners.TestRunner" name="runScenario" time="29.566"/>
  <testcase classname="runners.TestRunner" name="runScenario" time="32.186"/>
</testsuite> <!-- runners.TestRunner -->
