<?xml version="1.0" encoding="UTF-8"?>
<!-- Generated by org.testng.reporters.JUnitReportReporter -->
<testsuite hostname="ravi-mac.local" failures="0" tests="1" name="runners.TestRunner" time="48.451" errors="0" timestamp="2024-12-13T13:20:34 IST" skipped="0">
  <testcase classname="runners.TestRunner" name="runScenario" time="48.451"/>
</testsuite> <!-- runners.TestRunner -->
