<?xml version="1.0" encoding="UTF-8"?>
<!-- Generated by org.testng.reporters.JUnitReportReporter -->
<testsuite hostname="ravi-mac.local" failures="0" tests="12" name="runners.TestRunner" time="281.272" errors="0" timestamp="2024-12-05T09:56:15 IST" skipped="0">
  <testcase classname="runners.TestRunner" name="runScenario" time="24.031"/>
  <testcase classname="runners.TestRunner" name="runScenario" time="21.604"/>
  <testcase classname="runners.TestRunner" name="runScenario" time="24.137"/>
  <testcase classname="runners.TestRunner" name="runScenario" time="24.513"/>
  <testcase classname="runners.TestRunner" name="runScenario" time="22.856"/>
  <testcase classname="runners.TestRunner" name="runScenario" time="24.317"/>
  <testcase classname="runners.TestRunner" name="runScenario" time="22.369"/>
  <testcase classname="runners.TestRunner" name="runScenario" time="24.785"/>
  <testcase classname="runners.TestRunner" name="runScenario" time="21.824"/>
  <testcase classname="runners.TestRunner" name="runScenario" time="22.847"/>
  <testcase classname="runners.TestRunner" name="runScenario" time="24.020"/>
  <testcase classname="runners.TestRunner" name="runScenario" time="23.969"/>
</testsuite> <!-- runners.TestRunner -->
