<?xml version="1.0" encoding="UTF-8"?>
<!-- Generated by org.testng.reporters.JUnitReportReporter -->
<testsuite hostname="ravi-mac.local" failures="0" tests="4" name="runners.TestRunner" time="86.338" errors="0" timestamp="2024-12-07T17:16:37 IST" skipped="0">
  <testcase classname="runners.TestRunner" name="runScenario" time="21.925"/>
  <testcase classname="runners.TestRunner" name="runScenario" time="21.372"/>
  <testcase classname="runners.TestRunner" name="runScenario" time="21.089"/>
  <testcase classname="runners.TestRunner" name="runScenario" time="21.952"/>
</testsuite> <!-- runners.TestRunner -->
