<?xml version="1.0" encoding="UTF-8"?>
<!-- Generated by org.testng.reporters.JUnitReportReporter -->
<testsuite hostname="ravi-mac.local" failures="0" tests="12" name="runners.TestRunner" time="378.754" errors="0" timestamp="2024-11-28T19:35:29 IST" skipped="0">
  <testcase classname="runners.TestRunner" name="runScenario" time="36.883"/>
  <testcase classname="runners.TestRunner" name="runScenario" time="35.846"/>
  <testcase classname="runners.TestRunner" name="runScenario" time="31.121"/>
  <testcase classname="runners.TestRunner" name="runScenario" time="32.068"/>
  <testcase classname="runners.TestRunner" name="runScenario" time="36.250"/>
  <testcase classname="runners.TestRunner" name="runScenario" time="27.558"/>
  <testcase classname="runners.TestRunner" name="runScenario" time="32.609"/>
  <testcase classname="runners.TestRunner" name="runScenario" time="29.104"/>
  <testcase classname="runners.TestRunner" name="runScenario" time="28.352"/>
  <testcase classname="runners.TestRunner" name="runScenario" time="27.976"/>
  <testcase classname="runners.TestRunner" name="runScenario" time="33.477"/>
  <testcase classname="runners.TestRunner" name="runScenario" time="27.510"/>
</testsuite> <!-- runners.TestRunner -->
