<?xml version="1.0" encoding="UTF-8"?>
<!-- Generated by org.testng.reporters.JUnitReportReporter -->
<testsuite hostname="ravi-mac.local" failures="0" tests="1" name="runners.TestCase01" time="5.283" errors="0" timestamp="2024-11-14T15:37:51 IST" skipped="0">
  <testcase classname="runners.TestCase01" name="test01" time="5.283"/>
</testsuite> <!-- runners.TestCase01 -->
