<?xml version="1.0" encoding="UTF-8"?>
<!-- Generated by org.testng.reporters.JUnitReportReporter -->
<testsuite hostname="ravi-mac.local" failures="0" tests="4" name="runners.TestRunner" time="86.485" errors="0" timestamp="2024-11-26T12:08:41 IST" skipped="0">
  <testcase classname="runners.TestRunner" name="runScenario" time="20.048"/>
  <testcase classname="runners.TestRunner" name="runScenario" time="19.208"/>
  <testcase classname="runners.TestRunner" name="runScenario" time="27.264"/>
  <testcase classname="runners.TestRunner" name="runScenario" time="19.965"/>
</testsuite> <!-- runners.TestRunner -->
