<?xml version="1.0" encoding="UTF-8"?>
<!-- Generated by org.testng.reporters.JUnitReportReporter -->
<testsuite hostname="ravi-mac.local" failures="0" tests="1" name="TestCase02" time="0.000" errors="0" timestamp="2024-11-14T14:49:25 IST" skipped="0">
  <testcase classname="TestCase02" name="test01" time="0.000"/>
</testsuite> <!-- TestCase02 -->
